0 info it worked if it ends with ok
1 verbose cli [ '/home/zhang/.nvm/versions/node/v7.1.0/bin/node',
1 verbose cli   '/home/zhang/.nvm/versions/node/v7.1.0/bin/npm',
1 verbose cli   'run',
1 verbose cli   'de' ]
2 info using npm@3.10.9
3 info using node@v7.1.0
4 verbose stack Error: missing script: de
4 verbose stack     at run (/home/zhang/.nvm/versions/node/v7.1.0/lib/node_modules/npm/lib/run-script.js:151:19)
4 verbose stack     at /home/zhang/.nvm/versions/node/v7.1.0/lib/node_modules/npm/lib/run-script.js:61:5
4 verbose stack     at /home/zhang/.nvm/versions/node/v7.1.0/lib/node_modules/npm/node_modules/read-package-json/read-json.js:356:5
4 verbose stack     at checkBinReferences_ (/home/zhang/.nvm/versions/node/v7.1.0/lib/node_modules/npm/node_modules/read-package-json/read-json.js:320:45)
4 verbose stack     at final (/home/zhang/.nvm/versions/node/v7.1.0/lib/node_modules/npm/node_modules/read-package-json/read-json.js:354:3)
4 verbose stack     at then (/home/zhang/.nvm/versions/node/v7.1.0/lib/node_modules/npm/node_modules/read-package-json/read-json.js:124:5)
4 verbose stack     at /home/zhang/.nvm/versions/node/v7.1.0/lib/node_modules/npm/node_modules/read-package-json/read-json.js:243:12
4 verbose stack     at /home/zhang/.nvm/versions/node/v7.1.0/lib/node_modules/npm/node_modules/graceful-fs/graceful-fs.js:78:16
4 verbose stack     at tryToString (fs.js:425:3)
4 verbose stack     at FSReqWrap.readFileAfterClose [as oncomplete] (fs.js:412:12)
5 verbose cwd /home/zhang/Desktop/state-11-20
6 error Linux 4.4.0-3-deepin-amd64
7 error argv "/home/zhang/.nvm/versions/node/v7.1.0/bin/node" "/home/zhang/.nvm/versions/node/v7.1.0/bin/npm" "run" "de"
8 error node v7.1.0
9 error npm  v3.10.9
10 error missing script: de
11 error If you need help, you may report this error at:
11 error     <https://github.com/npm/npm/issues>
12 verbose exit [ 1, true ]
